c:\ucl\ssm\cocoacbots\cocoacbots_server_pc\wirelessboard\wirelessboard\x64\debug\vc143.pdb
c:\ucl\ssm\cocoacbots\cocoacbots_server_pc\wirelessboard\wirelessboard\x64\debug\vc143.idb
c:\ucl\ssm\cocoacbots\cocoacbots_server_pc\wirelessboard\wirelessboard\x64\debug\acoustobots_gspat_focalpoint_circle_hinge_bead_east.obj
c:\ucl\ssm\cocoacbots\cocoacbots_server_pc\wirelessboard\wirelessboard\x64\debug\udpdriver.obj
c:\ucl\ssm\contactlessacousticbots\contactlessacousticbots_server_pc\wirelessboard\wirelessboard\x64\debug\vc143.pdb
c:\ucl\ssm\contactlessacousticbots\contactlessacousticbots_server_pc\wirelessboard\wirelessboard\x64\debug\vc143.idb
c:\ucl\ssm\contactlessacousticbots\contactlessacousticbots_server_pc\wirelessboard\wirelessboard\x64\debug\udpdriver.obj
c:\ucl\ssm\cocoacbots\cocoacbots_server_pc\wirelessboard\x64\debug\wirelessboard.exe
c:\ucl\ssm\cocoacbots\cocoacbots_server_pc\wirelessboard\wirelessboard\x64\debug\wirelessboard.ilk
c:\ucl\ssm\cocoacbots\cocoacbots_server_pc\wirelessboard\x64\debug\wirelessboard.pdb
c:\ucl\ssm\contactlessacousticbots\contactlessacousticbots_server_pc\wirelessboard\wirelessboard\x64\debug\acoustobots_gspat_focalpoint_circle_hinge_bead_east.obj
c:\ucl\ssm\contactlessacousticbots\contactlessacousticbots_server_pc\wirelessboard\wirelessboard\x64\debug\acoustobots_gspat_focalpoint_circle_hinge_bead_euston.obj
c:\ucl\ssm\contactlessacousticbots\contactlessacousticbots_server_pc\wirelessboard\wirelessboard\x64\debug\acoustobots_gspat_focalpoint_circle_hinge_bead_phasespace.obj
c:\ucl\ssm\contactlessacousticbots\contactlessacousticbots_server_pc\wirelessboard\x64\debug\wirelessboard.pdb
c:\ucl\ssm\contactlessacousticbots\contactlessacousticbots_server_pc\wirelessboard\wirelessboard\x64\debug\wirelessboard.tlog\cl.command.1.tlog
c:\ucl\ssm\contactlessacousticbots\contactlessacousticbots_server_pc\wirelessboard\wirelessboard\x64\debug\wirelessboard.tlog\cl.items.tlog
c:\ucl\ssm\contactlessacousticbots\contactlessacousticbots_server_pc\wirelessboard\wirelessboard\x64\debug\wirelessboard.tlog\cl.read.1.tlog
c:\ucl\ssm\contactlessacousticbots\contactlessacousticbots_server_pc\wirelessboard\wirelessboard\x64\debug\wirelessboard.tlog\cl.write.1.tlog
c:\ucl\ssm\contactlessacousticbots\contactlessacousticbots_server_pc\wirelessboard\wirelessboard\x64\debug\wirelessboard.tlog\link-cvtres.read.1.tlog
c:\ucl\ssm\contactlessacousticbots\contactlessacousticbots_server_pc\wirelessboard\wirelessboard\x64\debug\wirelessboard.tlog\link-cvtres.write.1.tlog
c:\ucl\ssm\contactlessacousticbots\contactlessacousticbots_server_pc\wirelessboard\wirelessboard\x64\debug\wirelessboard.tlog\link-rc.read.1.tlog
c:\ucl\ssm\contactlessacousticbots\contactlessacousticbots_server_pc\wirelessboard\wirelessboard\x64\debug\wirelessboard.tlog\link-rc.write.1.tlog
c:\ucl\ssm\contactlessacousticbots\contactlessacousticbots_server_pc\wirelessboard\wirelessboard\x64\debug\wirelessboard.tlog\link.command.1.tlog
c:\ucl\ssm\contactlessacousticbots\contactlessacousticbots_server_pc\wirelessboard\wirelessboard\x64\debug\wirelessboard.tlog\link.read.1.tlog
c:\ucl\ssm\contactlessacousticbots\contactlessacousticbots_server_pc\wirelessboard\wirelessboard\x64\debug\wirelessboard.tlog\link.read.2.tlog
c:\ucl\ssm\contactlessacousticbots\contactlessacousticbots_server_pc\wirelessboard\wirelessboard\x64\debug\wirelessboard.tlog\link.read.3.tlog
c:\ucl\ssm\contactlessacousticbots\contactlessacousticbots_server_pc\wirelessboard\wirelessboard\x64\debug\wirelessboard.tlog\link.read.4.tlog
c:\ucl\ssm\contactlessacousticbots\contactlessacousticbots_server_pc\wirelessboard\wirelessboard\x64\debug\wirelessboard.tlog\link.write.1.tlog
