C:\Program Files\Microsoft Visual Studio\2022\Community\MSBuild\Microsoft\VC\v170\Microsoft.CppBuild.targets(517,5): warning MSB8028: The intermediate directory (x64\Debug\) contains files shared from another project (AsierInho_V2.vcxproj).  This can lead to incorrect clean and rebuild behavior.
cl : command line  warning D9025: overriding '/sdl' with '/GS-'
  TimeFunctions.cpp
  AsierInhoWireless.cpp
  AsierInhoWirelessImpl.cpp
C:\Users\3800r\Dropbox\08_WorkSpace\WirelessBoard\OpenMPD_Driver-main\AsierInhoWireless\src\AsierInhoWirelessImpl.cpp(415,13): warning C4244: 'initializing': conversion from 'double' to 'float', possible loss of data
C:\Users\3800r\Dropbox\08_WorkSpace\WirelessBoard\OpenMPD_Driver-main\AsierInhoWireless\src\AsierInhoWirelessImpl.cpp(475,59): warning C4267: 'argument': conversion from 'size_t' to 'int', possible loss of data
  COMToolkit2.cpp
  Generating Code...
C:\Users\3800r\Dropbox\08_WorkSpace\WirelessBoard\OpenMPD_Driver-main\AsierInhoWireless\src\AsierInhoWirelessImpl.cpp(439): warning C4172: returning address of local variable or temporary: message
     Creating library C:\Users\3800r\Dropbox\08_WorkSpace\WirelessBoard\OpenMPD_Driver-main\x64\AsierInhoWireless.lib and object C:\Users\3800r\Dropbox\08_WorkSpace\WirelessBoard\OpenMPD_Driver-main\x64\AsierInhoWireless.exp
  AsierInhoWireless.vcxproj -> C:\Users\3800r\Dropbox\08_WorkSpace\WirelessBoard\OpenMPD_Driver-main\x64\AsierInhoWireless.dll
  C:\Users\3800r\Dropbox\08_WorkSpace\WirelessBoard\OpenMPD_Driver-main\x64\AsierInhoWireless.dll -> C:\CPPLibraries\bin\x64\AsierInhoWireless.dll
  1 File(s) copied
  C:\Users\3800r\Dropbox\08_WorkSpace\WirelessBoard\OpenMPD_Driver-main\x64\AsierInhoWireless.lib -> C:\CPPLibraries\lib\AsierInhoWireless\AsierInhoWireless.lib
  1 File(s) copied
  C:\Users\3800r\Dropbox\08_WorkSpace\WirelessBoard\OpenMPD_Driver-main\AsierInhoWireless\include\AsierInhoWireless.h -> C:\CPPLibraries\include\AsierInhoWireless\AsierInhoWireless.h
  1 File(s) copied
  C:\Users\3800r\Dropbox\08_WorkSpace\WirelessBoard\OpenMPD_Driver-main\AsierInhoWireless\include\AsierInhoWireless_CWrapper.h -> C:\CPPLibraries\include\AsierInhoWireless\AsierInhoWireless_CWrapper.h
  1 File(s) copied
  C:\Users\3800r\Dropbox\08_WorkSpace\WirelessBoard\OpenMPD_Driver-main\AsierInhoWireless\include\AsierInhoWireless_Prerequisites.h -> C:\CPPLibraries\include\AsierInhoWireless\AsierInhoWireless_Prerequisites.h
  1 File(s) copied
