c:\ucl\ssm\acoustobots\acoustobot_server_pc\wirelessboard\wirelessboard\x64\debug\vc143.pdb
c:\ucl\ssm\acoustobots\acoustobot_server_pc\wirelessboard\wirelessboard\x64\debug\vc143.idb
c:\ucl\ssm\acoustobots\acoustobot_server_pc\wirelessboard\wirelessboard\x64\debug\acoustobots_gspat_focalpoint_hinge_bead_beastlab.obj
c:\ucl\ssm\acoustobots\acoustobot_server_pc\wirelessboard\wirelessboard\x64\debug\udpdriver.obj
c:\ucl\ssm\acoustobots\acoustobot_server_pc\wirelessboard\wirelessboard\x64\debug\comtoolkit2.obj
c:\ucl\ssm\acoustobots\acoustobot_server_pc\wirelessboard\wirelessboard\x64\debug\acoustobots_gspat_focalpoint_circle_hinge_bead_euston.obj
c:\ucl\ssm\acoustobots\acoustobot_server_pc\wirelessboard\x64\debug\wirelessboard.exe
c:\ucl\ssm\acoustobots\acoustobot_server_pc\wirelessboard\wirelessboard\x64\debug\wirelessboard.ilk
c:\ucl\ssm\acoustobots\acoustobot_server_pc\wirelessboard\x64\debug\wirelessboard.pdb
c:\ucl\ssm\contactlessacousticbots\server_pc_singleside\wirelessboard\wirelessboard\x64\debug\acoustobots_gspat_focalpoint_circle_hinge_bead_east.obj
c:\ucl\ssm\contactlessacousticbots\server_pc_singleside\wirelessboard\wirelessboard\x64\debug\acoustobots_gspat_focalpoint_circle_hinge_bead_euston.obj
c:\ucl\ssm\contactlessacousticbots\server_pc_singleside\wirelessboard\wirelessboard\x64\debug\acoustobots_gspat_focalpoint_hinge_bead_beastlab.obj
c:\ucl\ssm\contactlessacousticbots\server_pc_singleside\wirelessboard\wirelessboard\x64\debug\comtoolkit2.obj
c:\ucl\ssm\contactlessacousticbots\server_pc_singleside\wirelessboard\wirelessboard\x64\debug\udpdriver.obj
c:\ucl\ssm\contactlessacousticbots\server_pc_singleside\wirelessboard\wirelessboard\x64\debug\wirelessboard.ilk
c:\ucl\ssm\contactlessacousticbots\server_pc_singleside\wirelessboard\wirelessboard\x64\debug\vc143.idb
c:\ucl\ssm\contactlessacousticbots\server_pc_singleside\wirelessboard\wirelessboard\x64\debug\vc143.pdb
c:\ucl\ssm\contactlessacousticbots\server_pc_singleside\wirelessboard\x64\debug\wirelessboard.pdb
c:\ucl\ssm\contactlessacousticbots\server_pc_singleside\wirelessboard\x64\debug\wirelessboard.exe
c:\ucl\ssm\contactlessacousticbots\server_pc_singleside\wirelessboard\wirelessboard\x64\debug\wirelessboard.tlog\cl.command.1.tlog
c:\ucl\ssm\contactlessacousticbots\server_pc_singleside\wirelessboard\wirelessboard\x64\debug\wirelessboard.tlog\cl.items.tlog
c:\ucl\ssm\contactlessacousticbots\server_pc_singleside\wirelessboard\wirelessboard\x64\debug\wirelessboard.tlog\cl.read.1.tlog
c:\ucl\ssm\contactlessacousticbots\server_pc_singleside\wirelessboard\wirelessboard\x64\debug\wirelessboard.tlog\cl.write.1.tlog
c:\ucl\ssm\contactlessacousticbots\server_pc_singleside\wirelessboard\wirelessboard\x64\debug\wirelessboard.tlog\link.command.1.tlog
c:\ucl\ssm\contactlessacousticbots\server_pc_singleside\wirelessboard\wirelessboard\x64\debug\wirelessboard.tlog\link.read.1.tlog
c:\ucl\ssm\contactlessacousticbots\server_pc_singleside\wirelessboard\wirelessboard\x64\debug\wirelessboard.tlog\link.write.1.tlog
